app/build/intermediates/manifest_merge_blame_file/debug/manifest-merger-blame-debug-report.txt
1<?xml version="1.0" encoding="utf-8"?>
2<manifest xmlns:android="http://schemas.android.com/apk/res/android"
3    package="com.artoon.ginrummyoffline"
4    android:versionCode="31"
5    android:versionName="3.8" >
6
7    <uses-sdk
7-->src/main/AndroidManifest.xml:8:5-11:85
8        android:minSdkVersion="19"
8-->src/main/AndroidManifest.xml:9:9-35
9        android:targetSdkVersion="29" />
9-->src/main/AndroidManifest.xml:10:9-38
10
11    <uses-permission android:name="android.permission.INTERNET" />
11-->src/main/AndroidManifest.xml:13:5-67
11-->src/main/AndroidManifest.xml:13:22-64
12    <uses-permission android:name="android.permission.ACCESS_NETWORK_STATE" />
12-->src/main/AndroidManifest.xml:14:5-79
12-->src/main/AndroidManifest.xml:14:22-76
13    <uses-permission android:name="android.permission.ACCESS_FINE_LOCATION" />
13-->src/main/AndroidManifest.xml:15:5-79
13-->src/main/AndroidManifest.xml:15:22-76
14    <uses-permission android:name="android.permission.VIBRATE" />
14-->src/main/AndroidManifest.xml:16:5-66
14-->src/main/AndroidManifest.xml:16:22-63
15    <uses-permission android:name="android.permission.GET_TASKS" />
15-->src/main/AndroidManifest.xml:17:5-68
15-->src/main/AndroidManifest.xml:17:22-65
16    <uses-permission android:name="android.permission.WRITE_EXTERNAL_STORAGE" />
16-->src/main/AndroidManifest.xml:18:5-81
16-->src/main/AndroidManifest.xml:18:22-78
17    <uses-permission android:name="android.permission.READ_EXTERNAL_STORAGE" />
17-->src/main/AndroidManifest.xml:19:5-80
17-->src/main/AndroidManifest.xml:19:22-77
18    <uses-permission android:name="com.android.vending.BILLING" />
18-->src/main/AndroidManifest.xml:20:5-67
18-->src/main/AndroidManifest.xml:20:22-64
19    <uses-permission android:name="android.permission.WAKE_LOCK" />
19-->src/main/AndroidManifest.xml:21:5-68
19-->src/main/AndroidManifest.xml:21:22-65
20    <uses-permission android:name="android.permission.GET_ACCOUNTS" />
20-->src/main/AndroidManifest.xml:22:5-71
20-->src/main/AndroidManifest.xml:22:22-68
21    <uses-permission android:name="android.permission.READ_PHONE_STATE" />
21-->src/main/AndroidManifest.xml:23:5-75
21-->src/main/AndroidManifest.xml:23:22-72
22    <uses-permission android:name="android.permission.ACCESS_WIFI_STATE" />
22-->src/main/AndroidManifest.xml:24:5-76
22-->src/main/AndroidManifest.xml:24:22-73
23    <uses-permission android:name="android.permission.INTERACT_ACROSS_USERS_FULL" />
23-->src/main/AndroidManifest.xml:25:5-85
23-->src/main/AndroidManifest.xml:25:22-82
24    <uses-permission android:name="android.permission.RECEIVE_BOOT_COMPLETED" />
24-->src/main/AndroidManifest.xml:26:5-81
24-->src/main/AndroidManifest.xml:26:22-78
25    <uses-permission android:name="com.google.android.c2dm.permission.RECEIVE" />
25-->src/main/AndroidManifest.xml:27:5-82
25-->src/main/AndroidManifest.xml:27:22-79
26    <uses-permission android:name="com.google.android.gms.permission.ACTIVITY_RECOGNITION" />
26-->src/main/AndroidManifest.xml:28:5-94
26-->src/main/AndroidManifest.xml:28:22-91
27
28    <application
28-->src/main/AndroidManifest.xml:30:5-261:19
29        android:name="utils.PreferenceManager"
29-->src/main/AndroidManifest.xml:31:9-47
30        android:allowBackup="false"
30-->src/main/AndroidManifest.xml:32:9-36
31        android:debuggable="true"
32        android:hardwareAccelerated="true"
32-->src/main/AndroidManifest.xml:33:9-43
33        android:icon="@drawable/appicon"
33-->src/main/AndroidManifest.xml:34:9-41
34        android:label="@string/app_name"
34-->src/main/AndroidManifest.xml:35:9-41
35        android:largeHeap="true"
35-->src/main/AndroidManifest.xml:36:9-33
36        android:supportsRtl="false"
36-->src/main/AndroidManifest.xml:37:9-36
37        android:testOnly="true"
38        android:theme="@android:style/Theme.Black.NoTitleBar.Fullscreen" >
38-->src/main/AndroidManifest.xml:38:9-73
39        <meta-data
39-->src/main/AndroidManifest.xml:40:9-42:69
40            android:name="com.google.android.gms.version"
40-->src/main/AndroidManifest.xml:41:13-58
41            android:value="@integer/google_play_services_version" />
41-->src/main/AndroidManifest.xml:42:13-66
42        <meta-data
42-->src/main/AndroidManifest.xml:43:9-45:46
43            android:name="com.google.android.gms.games.APP_ID"
43-->src/main/AndroidManifest.xml:44:13-63
44            android:value="@string/app_ID" />
44-->src/main/AndroidManifest.xml:45:13-43
45
46        <activity android:name="eu.janmuller.android.simplecropimage.CropImage" />
46-->src/main/AndroidManifest.xml:47:9-83
46-->src/main/AndroidManifest.xml:47:19-80
47
48        <receiver
48-->src/main/AndroidManifest.xml:49:9-51:42
49            android:name="utils.NotifyUser"
49-->src/main/AndroidManifest.xml:50:13-44
50            android:label="NotifyUser" />
50-->src/main/AndroidManifest.xml:51:13-39
51
52        <service
52-->src/main/AndroidManifest.xml:53:9-55:44
53            android:name="utils.OnClearFromRecentService"
53-->src/main/AndroidManifest.xml:54:13-58
54            android:stopWithTask="false" />
54-->src/main/AndroidManifest.xml:55:13-41
55
56        <activity
56-->src/main/AndroidManifest.xml:57:9-60:51
57            android:name="com.ironsource.sdk.controller.ControllerActivity"
57-->src/main/AndroidManifest.xml:58:13-76
58            android:configChanges="orientation|screenSize"
58-->src/main/AndroidManifest.xml:59:13-59
59            android:hardwareAccelerated="false" />
59-->src/main/AndroidManifest.xml:60:13-48
60        <activity
60-->src/main/AndroidManifest.xml:61:9-65:64
61            android:name="com.ironsource.sdk.controller.InterstitialActivity"
61-->src/main/AndroidManifest.xml:62:13-78
62            android:configChanges="orientation|screenSize"
62-->src/main/AndroidManifest.xml:63:13-59
63            android:hardwareAccelerated="false"
63-->src/main/AndroidManifest.xml:64:13-48
64            android:theme="@android:style/Theme.Translucent" />
64-->src/main/AndroidManifest.xml:65:13-61
65        <activity
65-->src/main/AndroidManifest.xml:66:9-70:64
66            android:name="com.ironsource.sdk.controller.OpenUrlActivity"
66-->src/main/AndroidManifest.xml:67:13-73
67            android:configChanges="orientation|screenSize"
67-->src/main/AndroidManifest.xml:68:13-59
68            android:hardwareAccelerated="false"
68-->src/main/AndroidManifest.xml:69:13-48
69            android:theme="@android:style/Theme.Translucent" />
69-->src/main/AndroidManifest.xml:70:13-61
70        <activity
70-->src/main/AndroidManifest.xml:71:9-74:64
71            android:name="com.google.android.gms.ads.AdActivity"
71-->src/main/AndroidManifest.xml:72:13-65
72            android:configChanges="keyboard|keyboardHidden|orientation|screenLayout|uiMode|screenSize|smallestScreenSize"
72-->src/main/AndroidManifest.xml:73:13-122
73            android:exported="false"
73-->[com.google.android.gms:play-services-ads-lite:11.8.0] AndroidManifest.xml:32:13-37
74            android:theme="@android:style/Theme.Translucent" />
74-->src/main/AndroidManifest.xml:74:13-61
75        <activity
75-->src/main/AndroidManifest.xml:75:9-81:53
76            android:name="com.chartboost.sdk.CBImpressionActivity"
76-->src/main/AndroidManifest.xml:76:13-67
77            android:configChanges="keyboardHidden|orientation|screenSize"
77-->src/main/AndroidManifest.xml:77:13-74
78            android:excludeFromRecents="true"
78-->src/main/AndroidManifest.xml:78:13-46
79            android:hardwareAccelerated="true"
79-->src/main/AndroidManifest.xml:79:13-47
80            android:theme="@android:style/Theme.Translucent.NoTitleBar.Fullscreen" />
80-->src/main/AndroidManifest.xml:80:13-83
81        <activity
81-->src/main/AndroidManifest.xml:82:9-86:74
82            android:name="com.unity3d.ads.adunit.AdUnitActivity"
82-->src/main/AndroidManifest.xml:83:13-65
83            android:configChanges="fontScale|keyboard|keyboardHidden|locale|mnc|mcc|navigation|orientation|screenLayout|screenSize|smallestScreenSize|uiMode|touchscreen"
83-->src/main/AndroidManifest.xml:84:13-170
84            android:hardwareAccelerated="true"
84-->src/main/AndroidManifest.xml:85:13-47
85            android:theme="@android:style/Theme.NoTitleBar.Fullscreen" />
85-->src/main/AndroidManifest.xml:86:13-71
86        <activity
86-->src/main/AndroidManifest.xml:87:9-91:74
87            android:name="com.unity3d.ads.adunit.AdUnitSoftwareActivity"
87-->src/main/AndroidManifest.xml:88:13-73
88            android:configChanges="fontScale|keyboard|keyboardHidden|locale|mnc|mcc|navigation|orientation|screenLayout|screenSize|smallestScreenSize|uiMode|touchscreen"
88-->src/main/AndroidManifest.xml:89:13-170
89            android:hardwareAccelerated="false"
89-->src/main/AndroidManifest.xml:90:13-48
90            android:theme="@android:style/Theme.NoTitleBar.Fullscreen" />
90-->src/main/AndroidManifest.xml:91:13-71
91        <activity
91-->src/main/AndroidManifest.xml:92:9-110:20
92            android:name="com.artoon.ginrummyoffline.Login"
92-->src/main/AndroidManifest.xml:93:13-34
93            android:configChanges="orientation|keyboardHidden|keyboard|screenSize"
93-->src/main/AndroidManifest.xml:94:13-83
94            android:label="@string/app_name"
94-->src/main/AndroidManifest.xml:95:13-45
95            android:screenOrientation="sensorLandscape" >
95-->src/main/AndroidManifest.xml:96:13-56
96            <intent-filter> <!-- >>>>>>>>>>>>> you can remove = "tools:ignore="AppLinkUrlError"" <<<<<<<<<<<<< -->
96-->src/main/AndroidManifest.xml:97:13-109:29
97                <action android:name="android.intent.action.MAIN" />
97-->src/main/AndroidManifest.xml:98:17-69
97-->src/main/AndroidManifest.xml:98:25-66
98
99                <category android:name="android.intent.category.LAUNCHER" />
99-->src/main/AndroidManifest.xml:100:17-77
99-->src/main/AndroidManifest.xml:100:27-74
100
101                <!-- >>>>>>>>>>>>> Not Needed Code <<<<<<<<<<<<< -->
102                <action android:name="android.intent.action.VIEW" />
102-->src/main/AndroidManifest.xml:103:17-69
102-->src/main/AndroidManifest.xml:103:25-66
103
104                <category android:name="android.intent.category.DEFAULT" />
104-->src/main/AndroidManifest.xml:105:17-76
104-->src/main/AndroidManifest.xml:105:27-73
105                <category android:name="android.intent.category.BROWSABLE" />
105-->src/main/AndroidManifest.xml:106:17-78
105-->src/main/AndroidManifest.xml:106:27-75
106                <!-- >>>>>>>>>>>>> Not Needed Code <<<<<<<<<<<<< -->
107
108            </intent-filter>
109        </activity>
110        <activity
110-->src/main/AndroidManifest.xml:111:9-118:59
111            android:name="com.artoon.ginrummyoffline.PlayScreen2"
111-->src/main/AndroidManifest.xml:112:13-40
112            android:configChanges="orientation|keyboardHidden|keyboard|screenSize"
112-->src/main/AndroidManifest.xml:113:13-83
113            android:exported="true"
113-->src/main/AndroidManifest.xml:114:13-36
114            android:hardwareAccelerated="true"
114-->src/main/AndroidManifest.xml:115:13-47
115            android:label="@string/app_name"
115-->src/main/AndroidManifest.xml:116:13-45
116            android:launchMode="singleTask"
116-->src/main/AndroidManifest.xml:117:13-44
117            android:screenOrientation="sensorLandscape" />
117-->src/main/AndroidManifest.xml:118:13-56
118        <activity
118-->src/main/AndroidManifest.xml:119:9-124:59
119            android:name="com.artoon.ginrummyoffline.ActivityQuestAchivement"
119-->src/main/AndroidManifest.xml:120:13-52
120            android:configChanges="orientation|keyboardHidden|keyboard|screenSize"
120-->src/main/AndroidManifest.xml:121:13-83
121            android:label="@string/app_name"
121-->src/main/AndroidManifest.xml:122:13-45
122            android:launchMode="singleTask"
122-->src/main/AndroidManifest.xml:123:13-44
123            android:screenOrientation="sensorLandscape" />
123-->src/main/AndroidManifest.xml:124:13-56
124        <activity
124-->src/main/AndroidManifest.xml:125:9-130:59
125            android:name="com.artoon.ginrummyoffline.DailyBonus3"
125-->src/main/AndroidManifest.xml:126:13-40
126            android:configChanges="orientation|keyboardHidden|keyboard|screenSize"
126-->src/main/AndroidManifest.xml:127:13-83
127            android:label="@string/app_name"
127-->src/main/AndroidManifest.xml:128:13-45
128            android:launchMode="singleTask"
128-->src/main/AndroidManifest.xml:129:13-44
129            android:screenOrientation="sensorLandscape" />
129-->src/main/AndroidManifest.xml:130:13-56
130        <activity
130-->src/main/AndroidManifest.xml:131:9-143:20
131            android:name="com.artoon.ginrummyoffline.Activity_Profile"
131-->src/main/AndroidManifest.xml:132:13-45
132            android:configChanges="orientation|keyboardHidden|keyboard|screenSize|screenLayout"
132-->src/main/AndroidManifest.xml:133:13-96
133            android:label="@string/app_name"
133-->src/main/AndroidManifest.xml:134:13-45
134            android:launchMode="singleTask"
134-->src/main/AndroidManifest.xml:135:13-44
135            android:screenOrientation="sensorLandscape"
135-->src/main/AndroidManifest.xml:136:13-56
136            android:theme="@style/Theme.Transparent" >
136-->src/main/AndroidManifest.xml:137:13-53
137            <intent-filter>
137-->src/main/AndroidManifest.xml:138:13-142:29
138                <action android:name="android.intent.action.ACTIVITY_PROFILE" />
138-->src/main/AndroidManifest.xml:139:17-81
138-->src/main/AndroidManifest.xml:139:25-78
139
140                <category android:name="android.intent.category.DEFAULT" />
140-->src/main/AndroidManifest.xml:105:17-76
140-->src/main/AndroidManifest.xml:105:27-73
141            </intent-filter>
142        </activity>
143        <activity
143-->src/main/AndroidManifest.xml:144:9-157:20
144            android:name="com.artoon.ginrummyoffline.Coin_per"
144-->src/main/AndroidManifest.xml:145:13-37
145            android:configChanges="orientation|keyboardHidden|keyboard|screenSize"
145-->src/main/AndroidManifest.xml:146:13-83
146            android:hardwareAccelerated="true"
146-->src/main/AndroidManifest.xml:147:13-47
147            android:label="@string/app_name"
147-->src/main/AndroidManifest.xml:148:13-45
148            android:launchMode="singleTask"
148-->src/main/AndroidManifest.xml:149:13-44
149            android:screenOrientation="sensorLandscape"
149-->src/main/AndroidManifest.xml:150:13-56
150            android:theme="@style/Theme.Transparent" >
150-->src/main/AndroidManifest.xml:151:13-53
151            <intent-filter>
151-->src/main/AndroidManifest.xml:152:13-156:29
152                <action android:name="android.intent.action.MAIN" />
152-->src/main/AndroidManifest.xml:98:17-69
152-->src/main/AndroidManifest.xml:98:25-66
153
154                <category android:name="android.intent.category.DEFAULT" />
154-->src/main/AndroidManifest.xml:105:17-76
154-->src/main/AndroidManifest.xml:105:27-73
155            </intent-filter>
156        </activity>
157        <activity
157-->src/main/AndroidManifest.xml:158:9-163:59
158            android:name="com.artoon.ginrummyoffline.Activity_Tables"
158-->src/main/AndroidManifest.xml:159:13-44
159            android:configChanges="orientation|keyboardHidden|keyboard|screenSize"
159-->src/main/AndroidManifest.xml:160:13-83
160            android:label="@string/app_name"
160-->src/main/AndroidManifest.xml:161:13-45
161            android:launchMode="singleTask"
161-->src/main/AndroidManifest.xml:162:13-44
162            android:screenOrientation="sensorLandscape" />
162-->src/main/AndroidManifest.xml:163:13-56
163        <activity
163-->src/main/AndroidManifest.xml:164:9-169:59
164            android:name="com.artoon.ginrummyoffline.Activity_Point_Select"
164-->src/main/AndroidManifest.xml:165:13-50
165            android:configChanges="orientation|keyboardHidden|keyboard|screenSize"
165-->src/main/AndroidManifest.xml:166:13-83
166            android:label="@string/app_name"
166-->src/main/AndroidManifest.xml:167:13-45
167            android:launchMode="singleTask"
167-->src/main/AndroidManifest.xml:168:13-44
168            android:screenOrientation="sensorLandscape" />
168-->src/main/AndroidManifest.xml:169:13-56
169        <activity
169-->src/main/AndroidManifest.xml:170:9-175:59
170            android:name="com.artoon.ginrummyoffline.Dashboard"
170-->src/main/AndroidManifest.xml:171:13-38
171            android:configChanges="orientation|keyboardHidden|keyboard|screenSize"
171-->src/main/AndroidManifest.xml:172:13-83
172            android:label="@string/app_name"
172-->src/main/AndroidManifest.xml:173:13-45
173            android:launchMode="singleTask"
173-->src/main/AndroidManifest.xml:174:13-44
174            android:screenOrientation="sensorLandscape" />
174-->src/main/AndroidManifest.xml:175:13-56
175        <activity
175-->src/main/AndroidManifest.xml:176:9-181:59
176            android:name="com.artoon.ginrummyoffline.Select_Mode"
176-->src/main/AndroidManifest.xml:177:13-40
177            android:configChanges="orientation|keyboardHidden|keyboard|screenSize"
177-->src/main/AndroidManifest.xml:178:13-83
178            android:label="@string/app_name"
178-->src/main/AndroidManifest.xml:179:13-45
179            android:launchMode="singleTask"
179-->src/main/AndroidManifest.xml:180:13-44
180            android:screenOrientation="sensorLandscape" />
180-->src/main/AndroidManifest.xml:181:13-56
181        <activity
181-->src/main/AndroidManifest.xml:182:9-188:56
182            android:name="com.artoon.ginrummyoffline.HowToPlay"
182-->src/main/AndroidManifest.xml:183:13-38
183            android:configChanges="orientation|keyboardHidden|keyboard|screenSize"
183-->src/main/AndroidManifest.xml:184:13-83
184            android:label="@string/app_name"
184-->src/main/AndroidManifest.xml:185:13-45
185            android:launchMode="singleTask"
185-->src/main/AndroidManifest.xml:186:13-44
186            android:screenOrientation="sensorLandscape"
186-->src/main/AndroidManifest.xml:187:13-56
187            android:theme="@style/Theme.Transparent" />
187-->src/main/AndroidManifest.xml:188:13-53
188        <activity
188-->src/main/AndroidManifest.xml:189:9-195:56
189            android:name="com.artoon.ginrummyoffline.Activity_GameWinner"
189-->src/main/AndroidManifest.xml:190:13-48
190            android:configChanges="orientation|keyboardHidden|keyboard|screenSize"
190-->src/main/AndroidManifest.xml:191:13-83
191            android:label="@string/app_name"
191-->src/main/AndroidManifest.xml:192:13-45
192            android:launchMode="singleTask"
192-->src/main/AndroidManifest.xml:193:13-44
193            android:screenOrientation="sensorLandscape"
193-->src/main/AndroidManifest.xml:194:13-56
194            android:theme="@style/Theme.Transparent" />
194-->src/main/AndroidManifest.xml:195:13-53
195        <activity
195-->src/main/AndroidManifest.xml:196:9-202:56
196            android:name="com.artoon.ginrummyoffline.Scorboard"
196-->src/main/AndroidManifest.xml:197:13-38
197            android:configChanges="orientation|keyboardHidden|keyboard|screenSize"
197-->src/main/AndroidManifest.xml:198:13-83
198            android:label="@string/app_name"
198-->src/main/AndroidManifest.xml:199:13-45
199            android:launchMode="singleTask"
199-->src/main/AndroidManifest.xml:200:13-44
200            android:screenOrientation="sensorLandscape"
200-->src/main/AndroidManifest.xml:201:13-56
201            android:theme="@style/Theme.Transparent" />
201-->src/main/AndroidManifest.xml:202:13-53
202        <activity
202-->src/main/AndroidManifest.xml:203:9-209:56
203            android:name="com.artoon.ginrummyoffline.RoundWinner"
203-->src/main/AndroidManifest.xml:204:13-40
204            android:configChanges="orientation|keyboardHidden|keyboard|screenSize"
204-->src/main/AndroidManifest.xml:205:13-83
205            android:label="@string/app_name"
205-->src/main/AndroidManifest.xml:206:13-45
206            android:launchMode="singleTask"
206-->src/main/AndroidManifest.xml:207:13-44
207            android:screenOrientation="sensorLandscape"
207-->src/main/AndroidManifest.xml:208:13-56
208            android:theme="@style/Theme.Transparent" />
208-->src/main/AndroidManifest.xml:209:13-53
209        <activity
209-->src/main/AndroidManifest.xml:210:9-216:56
210            android:name="com.artoon.ginrummyoffline.Activity_Help"
210-->src/main/AndroidManifest.xml:211:13-42
211            android:configChanges="orientation|keyboardHidden|keyboard|screenSize"
211-->src/main/AndroidManifest.xml:212:13-83
212            android:label="@string/app_name"
212-->src/main/AndroidManifest.xml:213:13-45
213            android:launchMode="singleTask"
213-->src/main/AndroidManifest.xml:214:13-44
214            android:screenOrientation="sensorLandscape"
214-->src/main/AndroidManifest.xml:215:13-56
215            android:theme="@style/Theme.Transparent" />
215-->src/main/AndroidManifest.xml:216:13-53
216        <activity
216-->src/main/AndroidManifest.xml:217:9-223:56
217            android:name="com.artoon.ginrummyoffline.WebActivity"
217-->src/main/AndroidManifest.xml:218:13-40
218            android:configChanges="orientation|keyboardHidden|keyboard|screenSize"
218-->src/main/AndroidManifest.xml:219:13-83
219            android:label="@string/app_name"
219-->src/main/AndroidManifest.xml:220:13-45
220            android:launchMode="singleTask"
220-->src/main/AndroidManifest.xml:221:13-44
221            android:screenOrientation="sensorLandscape"
221-->src/main/AndroidManifest.xml:222:13-56
222            android:theme="@style/Theme.Transparent" />
222-->src/main/AndroidManifest.xml:223:13-53
223        <activity
223-->src/main/AndroidManifest.xml:224:9-230:56
224            android:name="com.artoon.ginrummyoffline.ActivityRateUs"
224-->src/main/AndroidManifest.xml:225:13-43
225            android:configChanges="orientation|keyboardHidden|keyboard|screenSize"
225-->src/main/AndroidManifest.xml:226:13-83
226            android:label="@string/app_name"
226-->src/main/AndroidManifest.xml:227:13-45
227            android:launchMode="singleTask"
227-->src/main/AndroidManifest.xml:228:13-44
228            android:screenOrientation="sensorLandscape"
228-->src/main/AndroidManifest.xml:229:13-56
229            android:theme="@style/Theme.Transparent" />
229-->src/main/AndroidManifest.xml:230:13-53
230
231        <meta-data
231-->src/main/AndroidManifest.xml:232:9-234:55
232            android:name="com.facebook.sdk.ApplicationId"
232-->src/main/AndroidManifest.xml:233:13-58
233            android:value="@string/facebook_app_id" />
233-->src/main/AndroidManifest.xml:234:13-52
234
235        <provider
235-->src/main/AndroidManifest.xml:236:9-239:39
236            android:name="com.facebook.FacebookContentProvider"
236-->src/main/AndroidManifest.xml:237:13-64
237            android:authorities="com.facebook.app.FacebookContentProvider448129418899446"
237-->src/main/AndroidManifest.xml:238:13-90
238            android:exported="true" />
238-->src/main/AndroidManifest.xml:239:13-36
239
240        <activity
240-->src/main/AndroidManifest.xml:241:9-246:59
241            android:name="com.artoon.ginrummyoffline.SpinEarn"
241-->src/main/AndroidManifest.xml:242:13-37
242            android:configChanges="orientation|keyboardHidden|keyboard|screenSize"
242-->src/main/AndroidManifest.xml:243:13-83
243            android:label="@string/app_name"
243-->src/main/AndroidManifest.xml:244:13-45
244            android:launchMode="singleTask"
244-->src/main/AndroidManifest.xml:245:13-44
245            android:screenOrientation="sensorLandscape" />
245-->src/main/AndroidManifest.xml:246:13-56
246        <activity
246-->src/main/AndroidManifest.xml:247:9-252:59
247            android:name="com.artoon.ginrummyoffline.Setting"
247-->src/main/AndroidManifest.xml:248:13-36
248            android:configChanges="orientation|keyboardHidden|keyboard|screenSize"
248-->src/main/AndroidManifest.xml:249:13-83
249            android:label="@string/app_name"
249-->src/main/AndroidManifest.xml:250:13-45
250            android:launchMode="singleTask"
250-->src/main/AndroidManifest.xml:251:13-44
251            android:screenOrientation="sensorLandscape" />
251-->src/main/AndroidManifest.xml:252:13-56
252        <activity
252-->src/main/AndroidManifest.xml:254:9-259:59
253            android:name="com.artoon.ginrummyoffline.Real_HowPlay"
253-->src/main/AndroidManifest.xml:255:13-41
254            android:configChanges="orientation|keyboardHidden|keyboard|screenSize"
254-->src/main/AndroidManifest.xml:256:13-83
255            android:label="@string/app_name"
255-->src/main/AndroidManifest.xml:257:13-45
256            android:launchMode="singleTask"
256-->src/main/AndroidManifest.xml:258:13-44
257            android:screenOrientation="sensorLandscape" />
257-->src/main/AndroidManifest.xml:259:13-56
258        <activity
258-->[com.facebook.android:facebook-common:4.42.0] AndroidManifest.xml:29:9-32:66
259            android:name="com.facebook.FacebookActivity"
259-->[com.facebook.android:facebook-common:4.42.0] AndroidManifest.xml:30:13-57
260            android:configChanges="keyboard|keyboardHidden|screenLayout|screenSize|orientation"
260-->[com.facebook.android:facebook-common:4.42.0] AndroidManifest.xml:31:13-96
261            android:theme="@style/com_facebook_activity_theme" />
261-->[com.facebook.android:facebook-common:4.42.0] AndroidManifest.xml:32:13-63
262        <activity android:name="com.facebook.CustomTabMainActivity" />
262-->[com.facebook.android:facebook-common:4.42.0] AndroidManifest.xml:33:9-71
262-->[com.facebook.android:facebook-common:4.42.0] AndroidManifest.xml:33:19-68
263        <activity android:name="com.facebook.CustomTabActivity" />
263-->[com.facebook.android:facebook-common:4.42.0] AndroidManifest.xml:34:9-67
263-->[com.facebook.android:facebook-common:4.42.0] AndroidManifest.xml:34:19-64
264        <!--
265         The initialization ContentProvider will call FacebookSdk.sdkInitialize automatically
266         with the application context. This config is merged in with the host app's manifest,
267         but there can only be one provider with the same authority activated at any given
268         point; so if the end user has two or more different apps that use Facebook SDK, only the
269         first one will be able to use the provider. To work around this problem, we use the
270         following placeholder in the authority to identify each host application as if it was
271         a completely different provider.
272        -->
273        <provider
273-->[com.facebook.android:facebook-core:4.42.0] AndroidManifest.xml:39:9-42:40
274            android:name="com.facebook.internal.FacebookInitProvider"
274-->[com.facebook.android:facebook-core:4.42.0] AndroidManifest.xml:40:13-70
275            android:authorities="com.artoon.ginrummyoffline.FacebookInitProvider"
275-->[com.facebook.android:facebook-core:4.42.0] AndroidManifest.xml:41:13-72
276            android:exported="false" />
276-->[com.facebook.android:facebook-core:4.42.0] AndroidManifest.xml:42:13-37
277
278        <receiver
278-->[com.facebook.android:facebook-core:4.42.0] AndroidManifest.xml:44:9-50:20
279            android:name="com.facebook.CurrentAccessTokenExpirationBroadcastReceiver"
279-->[com.facebook.android:facebook-core:4.42.0] AndroidManifest.xml:45:13-86
280            android:exported="false" >
280-->[com.facebook.android:facebook-core:4.42.0] AndroidManifest.xml:46:13-37
281            <intent-filter>
281-->[com.facebook.android:facebook-core:4.42.0] AndroidManifest.xml:47:13-49:29
282                <action android:name="com.facebook.sdk.ACTION_CURRENT_ACCESS_TOKEN_CHANGED" />
282-->[com.facebook.android:facebook-core:4.42.0] AndroidManifest.xml:48:17-95
282-->[com.facebook.android:facebook-core:4.42.0] AndroidManifest.xml:48:25-92
283            </intent-filter>
284        </receiver>
285
286        <activity
286-->[com.google.android.gms:play-services-base:11.8.0] AndroidManifest.xml:23:9-26:75
287            android:name="com.google.android.gms.common.api.GoogleApiActivity"
287-->[com.google.android.gms:play-services-base:11.8.0] AndroidManifest.xml:24:13-79
288            android:exported="false"
288-->[com.google.android.gms:play-services-base:11.8.0] AndroidManifest.xml:25:13-37
289            android:theme="@android:style/Theme.Translucent.NoTitleBar" />
289-->[com.google.android.gms:play-services-base:11.8.0] AndroidManifest.xml:26:13-72
290    </application>
291
292</manifest>